Command line invocation:
    /Applications/Xcode.app/Contents/Developer/usr/bin/xcodebuild build -project PulseLoom.xcodeproj -scheme PulseLoom -destination id=BBB7317F-76C6-4BD5-BF4B-EF6ABAEBA1F8 -derivedDataPath DerivedDataSim

ComputePackagePrebuildTargetDependencyGraph

Prepare packages

CreateBuildRequest

SendProjectDescription

CreateBuildOperation

ComputeTargetDependencyGraph
note: Building targets in dependency order
note: Target dependency graph (1 target)
    Target 'PulseLoom' in project 'PulseLoom' (no dependencies)

GatherProvisioningInputs

CreateBuildDescription

ExecuteExternalTool /Applications/Xcode.app/Contents/Developer/Toolchains/XcodeDefault.xctoolchain/usr/bin/clang -v -E -dM -isysroot /Applications/Xcode.app/Contents/Developer/Platforms/iPhoneSimulator.platform/Developer/SDKs/iPhoneSimulator26.5.sdk -x c -c /dev/null

ExecuteExternalTool /Applications/Xcode.app/Contents/Developer/usr/bin/actool --print-asset-tag-combinations --output-format xml1 /Users/wangrenzhu/work/PulseLoom/PulseLoom/Assets.xcassets

ExecuteExternalTool /Applications/Xcode.app/Contents/Developer/usr/bin/actool --version --output-format xml1

ExecuteExternalTool /Applications/Xcode.app/Contents/Developer/Toolchains/XcodeDefault.xctoolchain/usr/bin/swiftc --version

ExecuteExternalTool /Applications/Xcode.app/Contents/Developer/Toolchains/XcodeDefault.xctoolchain/usr/bin/ld -version_details

Build description signature: bbceef0bc7a5fb6988ebe96a71857792
Build description path: /Users/wangrenzhu/work/PulseLoom/DerivedDataSim/Build/Intermediates.noindex/XCBuildData/bbceef0bc7a5fb6988ebe96a71857792.xcbuilddata
CreateBuildDirectory /Users/wangrenzhu/work/PulseLoom/DerivedDataSim/Build/Products
    cd /Users/wangrenzhu/work/PulseLoom/PulseLoom.xcodeproj
    builtin-create-build-directory /Users/wangrenzhu/work/PulseLoom/DerivedDataSim/Build/Products

ClangStatCache /Applications/Xcode.app/Contents/Developer/Toolchains/XcodeDefault.xctoolchain/usr/bin/clang-stat-cache /Applications/Xcode.app/Contents/Developer/Platforms/iPhoneSimulator.platform/Developer/SDKs/iPhoneSimulator26.5.sdk /Users/wangrenzhu/work/PulseLoom/DerivedDataSim/SDKStatCaches.noindex/iphonesimulator26.5-23F81a-6cfe768891a92b912361537c460fe42b.sdkstatcache
    cd /Users/wangrenzhu/work/PulseLoom/PulseLoom.xcodeproj
    /Applications/Xcode.app/Contents/Developer/Toolchains/XcodeDefault.xctoolchain/usr/bin/clang-stat-cache /Applications/Xcode.app/Contents/Developer/Platforms/iPhoneSimulator.platform/Developer/SDKs/iPhoneSimulator26.5.sdk -o /Users/wangrenzhu/work/PulseLoom/DerivedDataSim/SDKStatCaches.noindex/iphonesimulator26.5-23F81a-6cfe768891a92b912361537c460fe42b.sdkstatcache

CreateBuildDirectory /Users/wangrenzhu/work/PulseLoom/DerivedDataSim/Build/Intermediates.noindex
    cd /Users/wangrenzhu/work/PulseLoom/PulseLoom.xcodeproj
    builtin-create-build-directory /Users/wangrenzhu/work/PulseLoom/DerivedDataSim/Build/Intermediates.noindex

CreateBuildDirectory /Users/wangrenzhu/work/PulseLoom/DerivedDataSim/Build/Intermediates.noindex/ExplicitPrecompiledModules
    cd /Users/wangrenzhu/work/PulseLoom/PulseLoom.xcodeproj
    builtin-create-build-directory /Users/wangrenzhu/work/PulseLoom/DerivedDataSim/Build/Intermediates.noindex/ExplicitPrecompiledModules

CreateBuildDirectory /Users/wangrenzhu/work/PulseLoom/DerivedDataSim/Build/Intermediates.noindex/SwiftExplicitPrecompiledModules
    cd /Users/wangrenzhu/work/PulseLoom/PulseLoom.xcodeproj
    builtin-create-build-directory /Users/wangrenzhu/work/PulseLoom/DerivedDataSim/Build/Intermediates.noindex/SwiftExplicitPrecompiledModules

CreateBuildDirectory /Users/wangrenzhu/work/PulseLoom/DerivedDataSim/Build/Intermediates.noindex/EagerLinkingTBDs/Debug-iphonesimulator
    cd /Users/wangrenzhu/work/PulseLoom/PulseLoom.xcodeproj
    builtin-create-build-directory /Users/wangrenzhu/work/PulseLoom/DerivedDataSim/Build/Intermediates.noindex/EagerLinkingTBDs/Debug-iphonesimulator

WriteAuxiliaryFile /Users/wangrenzhu/work/PulseLoom/DerivedDataSim/Build/Intermediates.noindex/PulseLoom.build/Debug-iphonesimulator/PulseLoom-a3deb08f63732dfa7b2cacc4d6d10f47-VFS-iphonesimulator/all-product-headers.yaml
    cd /Users/wangrenzhu/work/PulseLoom/PulseLoom.xcodeproj
    write-file /Users/wangrenzhu/work/PulseLoom/DerivedDataSim/Build/Intermediates.noindex/PulseLoom.build/Debug-iphonesimulator/PulseLoom-a3deb08f63732dfa7b2cacc4d6d10f47-VFS-iphonesimulator/all-product-headers.yaml

CreateBuildDirectory /Users/wangrenzhu/work/PulseLoom/DerivedDataSim/Build/Products/Debug-iphonesimulator
    cd /Users/wangrenzhu/work/PulseLoom/PulseLoom.xcodeproj
    builtin-create-build-directory /Users/wangrenzhu/work/PulseLoom/DerivedDataSim/Build/Products/Debug-iphonesimulator

WriteAuxiliaryFile /Users/wangrenzhu/work/PulseLoom/DerivedDataSim/Build/Intermediates.noindex/PulseLoom.build/Debug-iphonesimulator/PulseLoom.build/PulseLoom-own-target-headers.hmap (in target 'PulseLoom' from project 'PulseLoom')
    cd /Users/wangrenzhu/work/PulseLoom
    write-file /Users/wangrenzhu/work/PulseLoom/DerivedDataSim/Build/Intermediates.noindex/PulseLoom.build/Debug-iphonesimulator/PulseLoom.build/PulseLoom-own-target-headers.hmap

WriteAuxiliaryFile /Users/wangrenzhu/work/PulseLoom/DerivedDataSim/Build/Intermediates.noindex/PulseLoom.build/Debug-iphonesimulator/PulseLoom.build/PulseLoom-all-non-framework-target-headers.hmap (in target 'PulseLoom' from project 'PulseLoom')
    cd /Users/wangrenzhu/work/PulseLoom
    write-file /Users/wangrenzhu/work/PulseLoom/DerivedDataSim/Build/Intermediates.noindex/PulseLoom.build/Debug-iphonesimulator/PulseLoom.build/PulseLoom-all-non-framework-target-headers.hmap

WriteAuxiliaryFile /Users/wangrenzhu/work/PulseLoom/DerivedDataSim/Build/Intermediates.noindex/PulseLoom.build/Debug-iphonesimulator/PulseLoom.build/PulseLoom.hmap (in target 'PulseLoom' from project 'PulseLoom')
    cd /Users/wangrenzhu/work/PulseLoom
    write-file /Users/wangrenzhu/work/PulseLoom/DerivedDataSim/Build/Intermediates.noindex/PulseLoom.build/Debug-iphonesimulator/PulseLoom.build/PulseLoom.hmap

WriteAuxiliaryFile /Users/wangrenzhu/work/PulseLoom/DerivedDataSim/Build/Intermediates.noindex/PulseLoom.build/Debug-iphonesimulator/PulseLoom.build/PulseLoom.DependencyStaticMetadataFileList (in target 'PulseLoom' from project 'PulseLoom')
    cd /Users/wangrenzhu/work/PulseLoom
    write-file /Users/wangrenzhu/work/PulseLoom/DerivedDataSim/Build/Intermediates.noindex/PulseLoom.build/Debug-iphonesimulator/PulseLoom.build/PulseLoom.DependencyStaticMetadataFileList

WriteAuxiliaryFile /Users/wangrenzhu/work/PulseLoom/DerivedDataSim/Build/Intermediates.noindex/PulseLoom.build/Debug-iphonesimulator/PulseLoom.build/PulseLoom.DependencyMetadataFileList (in target 'PulseLoom' from project 'PulseLoom')
    cd /Users/wangrenzhu/work/PulseLoom
    write-file /Users/wangrenzhu/work/PulseLoom/DerivedDataSim/Build/Intermediates.noindex/PulseLoom.build/Debug-iphonesimulator/PulseLoom.build/PulseLoom.DependencyMetadataFileList

WriteAuxiliaryFile /Users/wangrenzhu/work/PulseLoom/DerivedDataSim/Build/Intermediates.noindex/PulseLoom.build/Debug-iphonesimulator/PulseLoom.build/PulseLoom-DebugDylibPath-normal-arm64.txt (in target 'PulseLoom' from project 'PulseLoom')
    cd /Users/wangrenzhu/work/PulseLoom
    write-file /Users/wangrenzhu/work/PulseLoom/DerivedDataSim/Build/Intermediates.noindex/PulseLoom.build/Debug-iphonesimulator/PulseLoom.build/PulseLoom-DebugDylibPath-normal-arm64.txt

WriteAuxiliaryFile /Users/wangrenzhu/work/PulseLoom/DerivedDataSim/Build/Intermediates.noindex/PulseLoom.build/Debug-iphonesimulator/PulseLoom.build/PulseLoom-all-target-headers.hmap (in target 'PulseLoom' from project 'PulseLoom')
    cd /Users/wangrenzhu/work/PulseLoom
    write-file /Users/wangrenzhu/work/PulseLoom/DerivedDataSim/Build/Intermediates.noindex/PulseLoom.build/Debug-iphonesimulator/PulseLoom.build/PulseLoom-all-target-headers.hmap

WriteAuxiliaryFile /Users/wangrenzhu/work/PulseLoom/DerivedDataSim/Build/Intermediates.noindex/PulseLoom.build/Debug-iphonesimulator/PulseLoom.build/PulseLoom-generated-files.hmap (in target 'PulseLoom' from project 'PulseLoom')
    cd /Users/wangrenzhu/work/PulseLoom
    write-file /Users/wangrenzhu/work/PulseLoom/DerivedDataSim/Build/Intermediates.noindex/PulseLoom.build/Debug-iphonesimulator/PulseLoom.build/PulseLoom-generated-files.hmap

WriteAuxiliaryFile /Users/wangrenzhu/work/PulseLoom/DerivedDataSim/Build/Intermediates.noindex/PulseLoom.build/Debug-iphonesimulator/PulseLoom.build/PulseLoom-project-headers.hmap (in target 'PulseLoom' from project 'PulseLoom')
    cd /Users/wangrenzhu/work/PulseLoom
    write-file /Users/wangrenzhu/work/PulseLoom/DerivedDataSim/Build/Intermediates.noindex/PulseLoom.build/Debug-iphonesimulator/PulseLoom.build/PulseLoom-project-headers.hmap

WriteAuxiliaryFile /Users/wangrenzhu/work/PulseLoom/DerivedDataSim/Build/Intermediates.noindex/PulseLoom.build/Debug-iphonesimulator/PulseLoom.build/PulseLoom-DebugDylibInstallName-normal-arm64.txt (in target 'PulseLoom' from project 'PulseLoom')
    cd /Users/wangrenzhu/work/PulseLoom
    write-file /Users/wangrenzhu/work/PulseLoom/DerivedDataSim/Build/Intermediates.noindex/PulseLoom.build/Debug-iphonesimulator/PulseLoom.build/PulseLoom-DebugDylibInstallName-normal-arm64.txt

WriteAuxiliaryFile /Users/wangrenzhu/work/PulseLoom/DerivedDataSim/Build/Intermediates.noindex/PulseLoom.build/Debug-iphonesimulator/PulseLoom.build/Objects-normal/arm64/PulseLoom_const_extract_protocols.json (in target 'PulseLoom' from project 'PulseLoom')
    cd /Users/wangrenzhu/work/PulseLoom
    write-file /Users/wangrenzhu/work/PulseLoom/DerivedDataSim/Build/Intermediates.noindex/PulseLoom.build/Debug-iphonesimulator/PulseLoom.build/Objects-normal/arm64/PulseLoom_const_extract_protocols.json

WriteAuxiliaryFile /Users/wangrenzhu/work/PulseLoom/DerivedDataSim/Build/Intermediates.noindex/PulseLoom.build/Debug-iphonesimulator/PulseLoom.build/Objects-normal/arm64/PulseLoom.SwiftConstValuesFileList (in target 'PulseLoom' from project 'PulseLoom')
    cd /Users/wangrenzhu/work/PulseLoom
    write-file /Users/wangrenzhu/work/PulseLoom/DerivedDataSim/Build/Intermediates.noindex/PulseLoom.build/Debug-iphonesimulator/PulseLoom.build/Objects-normal/arm64/PulseLoom.SwiftConstValuesFileList

WriteAuxiliaryFile /Users/wangrenzhu/work/PulseLoom/DerivedDataSim/Build/Intermediates.noindex/PulseLoom.build/Debug-iphonesimulator/PulseLoom.build/Objects-normal/arm64/PulseLoom.LinkFileList (in target 'PulseLoom' from project 'PulseLoom')
    cd /Users/wangrenzhu/work/PulseLoom
    write-file /Users/wangrenzhu/work/PulseLoom/DerivedDataSim/Build/Intermediates.noindex/PulseLoom.build/Debug-iphonesimulator/PulseLoom.build/Objects-normal/arm64/PulseLoom.LinkFileList

WriteAuxiliaryFile /Users/wangrenzhu/work/PulseLoom/DerivedDataSim/Build/Intermediates.noindex/PulseLoom.build/Debug-iphonesimulator/PulseLoom.build/Objects-normal/arm64/PulseLoom.SwiftFileList (in target 'PulseLoom' from project 'PulseLoom')
    cd /Users/wangrenzhu/work/PulseLoom
    write-file /Users/wangrenzhu/work/PulseLoom/DerivedDataSim/Build/Intermediates.noindex/PulseLoom.build/Debug-iphonesimulator/PulseLoom.build/Objects-normal/arm64/PulseLoom.SwiftFileList

WriteAuxiliaryFile /Users/wangrenzhu/work/PulseLoom/DerivedDataSim/Build/Intermediates.noindex/PulseLoom.build/Debug-iphonesimulator/PulseLoom.build/Objects-normal/arm64/PulseLoom-OutputFileMap.json (in target 'PulseLoom' from project 'PulseLoom')
    cd /Users/wangrenzhu/work/PulseLoom
    write-file /Users/wangrenzhu/work/PulseLoom/DerivedDataSim/Build/Intermediates.noindex/PulseLoom.build/Debug-iphonesimulator/PulseLoom.build/Objects-normal/arm64/PulseLoom-OutputFileMap.json

WriteAuxiliaryFile /Users/wangrenzhu/work/PulseLoom/DerivedDataSim/Build/Intermediates.noindex/PulseLoom.build/Debug-iphonesimulator/PulseLoom.build/DerivedSources/Entitlements-Simulated.plist (in target 'PulseLoom' from project 'PulseLoom')
    cd /Users/wangrenzhu/work/PulseLoom
    write-file /Users/wangrenzhu/work/PulseLoom/DerivedDataSim/Build/Intermediates.noindex/PulseLoom.build/Debug-iphonesimulator/PulseLoom.build/DerivedSources/Entitlements-Simulated.plist

MkDir /Users/wangrenzhu/work/PulseLoom/DerivedDataSim/Build/Products/Debug-iphonesimulator/PulseLoom.app (in target 'PulseLoom' from project 'PulseLoom')
    cd /Users/wangrenzhu/work/PulseLoom
    /bin/mkdir -p /Users/wangrenzhu/work/PulseLoom/DerivedDataSim/Build/Products/Debug-iphonesimulator/PulseLoom.app

ProcessProductPackaging "" /Users/wangrenzhu/work/PulseLoom/DerivedDataSim/Build/Intermediates.noindex/PulseLoom.build/Debug-iphonesimulator/PulseLoom.build/PulseLoom.app-Simulated.xcent (in target 'PulseLoom' from project 'PulseLoom')
    cd /Users/wangrenzhu/work/PulseLoom

    Entitlements:

    {
    "application-identifier" = "FAKETEAMID.com.wangrenzhu.pulseloom";
}

    builtin-productPackagingUtility -entitlements -format xml -o /Users/wangrenzhu/work/PulseLoom/DerivedDataSim/Build/Intermediates.noindex/PulseLoom.build/Debug-iphonesimulator/PulseLoom.build/PulseLoom.app-Simulated.xcent

ProcessProductPackagingDER /Users/wangrenzhu/work/PulseLoom/DerivedDataSim/Build/Intermediates.noindex/PulseLoom.build/Debug-iphonesimulator/PulseLoom.build/PulseLoom.app-Simulated.xcent /Users/wangrenzhu/work/PulseLoom/DerivedDataSim/Build/Intermediates.noindex/PulseLoom.build/Debug-iphonesimulator/PulseLoom.build/PulseLoom.app-Simulated.xcent.der (in target 'PulseLoom' from project 'PulseLoom')
    cd /Users/wangrenzhu/work/PulseLoom
    /usr/bin/derq query -f xml -i /Users/wangrenzhu/work/PulseLoom/DerivedDataSim/Build/Intermediates.noindex/PulseLoom.build/Debug-iphonesimulator/PulseLoom.build/PulseLoom.app-Simulated.xcent -o /Users/wangrenzhu/work/PulseLoom/DerivedDataSim/Build/Intermediates.noindex/PulseLoom.build/Debug-iphonesimulator/PulseLoom.build/PulseLoom.app-Simulated.xcent.der --raw

Ld /Users/wangrenzhu/work/PulseLoom/DerivedDataSim/Build/Products/Debug-iphonesimulator/PulseLoom.app/__preview.dylib normal (in target 'PulseLoom' from project 'PulseLoom')
    cd /Users/wangrenzhu/work/PulseLoom
    /Applications/Xcode.app/Contents/Developer/Toolchains/XcodeDefault.xctoolchain/usr/bin/clang -Xlinker -reproducible -target arm64-apple-ios14.0-simulator -dynamiclib -isysroot /Applications/Xcode.app/Contents/Developer/Platforms/iPhoneSimulator.platform/Developer/SDKs/iPhoneSimulator26.5.sdk -O0 -L/Users/wangrenzhu/work/PulseLoom/DerivedDataSim/Build/Products/Debug-iphonesimulator -F/Users/wangrenzhu/work/PulseLoom/DerivedDataSim/Build/Products/Debug-iphonesimulator -install_name @rpath/PulseLoom.debug.dylib -Xlinker -dead_strip -rdynamic -Xlinker -no_deduplicate -Xlinker -objc_abi_version -Xlinker 2 -Xlinker -dependency_info -Xlinker /Users/wangrenzhu/work/PulseLoom/DerivedDataSim/Build/Intermediates.noindex/PulseLoom.build/Debug-iphonesimulator/PulseLoom.build/Objects-normal/arm64/PulseLoom_dependency_info.dat -Xlinker -sectcreate -Xlinker __TEXT -Xlinker __entitlements -Xlinker /Users/wangrenzhu/work/PulseLoom/DerivedDataSim/Build/Intermediates.noindex/PulseLoom.build/Debug-iphonesimulator/PulseLoom.build/PulseLoom.app-Simulated.xcent -Xlinker -sectcreate -Xlinker __TEXT -Xlinker __ents_der -Xlinker /Users/wangrenzhu/work/PulseLoom/DerivedDataSim/Build/Intermediates.noindex/PulseLoom.build/Debug-iphonesimulator/PulseLoom.build/PulseLoom.app-Simulated.xcent.der -Xlinker -no_adhoc_codesign -o /Users/wangrenzhu/work/PulseLoom/DerivedDataSim/Build/Products/Debug-iphonesimulator/PulseLoom.app/__preview.dylib

GenerateAssetSymbols /Users/wangrenzhu/work/PulseLoom/PulseLoom/Assets.xcassets (in target 'PulseLoom' from project 'PulseLoom')
    cd /Users/wangrenzhu/work/PulseLoom
    /Applications/Xcode.app/Contents/Developer/usr/bin/actool /Users/wangrenzhu/work/PulseLoom/PulseLoom/Assets.xcassets --compile /Users/wangrenzhu/work/PulseLoom/DerivedDataSim/Build/Products/Debug-iphonesimulator/PulseLoom.app --output-format human-readable-text --notices --warnings --export-dependency-info /Users/wangrenzhu/work/PulseLoom/DerivedDataSim/Build/Intermediates.noindex/PulseLoom.build/Debug-iphonesimulator/PulseLoom.build/assetcatalog_dependencies --output-partial-info-plist /Users/wangrenzhu/work/PulseLoom/DerivedDataSim/Build/Intermediates.noindex/PulseLoom.build/Debug-iphonesimulator/PulseLoom.build/assetcatalog_generated_info.plist --app-icon AppIcon --compress-pngs --enable-on-demand-resources YES --development-region en --target-device iphone --minimum-deployment-target 14.0 --platform iphonesimulator --bundle-identifier com.wangrenzhu.pulseloom --generate-swift-asset-symbol-extensions NO --generate-swift-asset-symbols /Users/wangrenzhu/work/PulseLoom/DerivedDataSim/Build/Intermediates.noindex/PulseLoom.build/Debug-iphonesimulator/PulseLoom.build/DerivedSources/GeneratedAssetSymbols.swift --generate-objc-asset-symbols /Users/wangrenzhu/work/PulseLoom/DerivedDataSim/Build/Intermediates.noindex/PulseLoom.build/Debug-iphonesimulator/PulseLoom.build/DerivedSources/GeneratedAssetSymbols.h --generate-asset-symbol-index /Users/wangrenzhu/work/PulseLoom/DerivedDataSim/Build/Intermediates.noindex/PulseLoom.build/Debug-iphonesimulator/PulseLoom.build/DerivedSources/GeneratedAssetSymbols-Index.plist
/* com.apple.actool.compilation-results */
/Users/wangrenzhu/work/PulseLoom/DerivedDataSim/Build/Intermediates.noindex/PulseLoom.build/Debug-iphonesimulator/PulseLoom.build/DerivedSources/GeneratedAssetSymbols-Index.plist
/Users/wangrenzhu/work/PulseLoom/DerivedDataSim/Build/Intermediates.noindex/PulseLoom.build/Debug-iphonesimulator/PulseLoom.build/DerivedSources/GeneratedAssetSymbols.h
/Users/wangrenzhu/work/PulseLoom/DerivedDataSim/Build/Intermediates.noindex/PulseLoom.build/Debug-iphonesimulator/PulseLoom.build/DerivedSources/GeneratedAssetSymbols.swift


MkDir /Users/wangrenzhu/work/PulseLoom/DerivedDataSim/Build/Intermediates.noindex/PulseLoom.build/Debug-iphonesimulator/PulseLoom.build/assetcatalog_output/unthinned (in target 'PulseLoom' from project 'PulseLoom')
    cd /Users/wangrenzhu/work/PulseLoom
    /bin/mkdir -p /Users/wangrenzhu/work/PulseLoom/DerivedDataSim/Build/Intermediates.noindex/PulseLoom.build/Debug-iphonesimulator/PulseLoom.build/assetcatalog_output/unthinned

MkDir /Users/wangrenzhu/work/PulseLoom/DerivedDataSim/Build/Intermediates.noindex/PulseLoom.build/Debug-iphonesimulator/PulseLoom.build/assetcatalog_output/thinned (in target 'PulseLoom' from project 'PulseLoom')
    cd /Users/wangrenzhu/work/PulseLoom
    /bin/mkdir -p /Users/wangrenzhu/work/PulseLoom/DerivedDataSim/Build/Intermediates.noindex/PulseLoom.build/Debug-iphonesimulator/PulseLoom.build/assetcatalog_output/thinned

CpResource /Users/wangrenzhu/work/PulseLoom/DerivedDataSim/Build/Products/Debug-iphonesimulator/PulseLoom.app/Configuration.storekit /Users/wangrenzhu/work/PulseLoom/PulseLoom/Configuration.storekit (in target 'PulseLoom' from project 'PulseLoom')
    cd /Users/wangrenzhu/work/PulseLoom
    builtin-copy -exclude .DS_Store -exclude CVS -exclude .svn -exclude .git -exclude .hg -resolve-src-symlinks /Users/wangrenzhu/work/PulseLoom/PulseLoom/Configuration.storekit /Users/wangrenzhu/work/PulseLoom/DerivedDataSim/Build/Products/Debug-iphonesimulator/PulseLoom.app

CpResource /Users/wangrenzhu/work/PulseLoom/DerivedDataSim/Build/Products/Debug-iphonesimulator/PulseLoom.app/PrivacyInfo.xcprivacy /Users/wangrenzhu/work/PulseLoom/PulseLoom/PrivacyInfo.xcprivacy (in target 'PulseLoom' from project 'PulseLoom')
    cd /Users/wangrenzhu/work/PulseLoom
    builtin-copy -exclude .DS_Store -exclude CVS -exclude .svn -exclude .git -exclude .hg -resolve-src-symlinks /Users/wangrenzhu/work/PulseLoom/PulseLoom/PrivacyInfo.xcprivacy /Users/wangrenzhu/work/PulseLoom/DerivedDataSim/Build/Products/Debug-iphonesimulator/PulseLoom.app

CopyStringsFile /Users/wangrenzhu/work/PulseLoom/DerivedDataSim/Build/Products/Debug-iphonesimulator/PulseLoom.app/en.lproj/Localizable.strings /Users/wangrenzhu/work/PulseLoom/PulseLoom/en.lproj/Localizable.strings (in target 'PulseLoom' from project 'PulseLoom')
    cd /Users/wangrenzhu/work/PulseLoom
    builtin-copyStrings --validate --outputencoding binary --outfilename Localizable.strings --outdir /Users/wangrenzhu/work/PulseLoom/DerivedDataSim/Build/Products/Debug-iphonesimulator/PulseLoom.app/en.lproj -- /Users/wangrenzhu/work/PulseLoom/PulseLoom/en.lproj/Localizable.strings
/Users/wangrenzhu/work/PulseLoom/PulseLoom/en.lproj/Localizable.strings:1:1: note: detected encoding of input file as Unicode (UTF-8) (in target 'PulseLoom' from project 'PulseLoom')

CompileAssetCatalogVariant thinned /Users/wangrenzhu/work/PulseLoom/DerivedDataSim/Build/Products/Debug-iphonesimulator/PulseLoom.app /Users/wangrenzhu/work/PulseLoom/PulseLoom/Assets.xcassets (in target 'PulseLoom' from project 'PulseLoom')
    cd /Users/wangrenzhu/work/PulseLoom
    /Applications/Xcode.app/Contents/Developer/usr/bin/actool /Users/wangrenzhu/work/PulseLoom/PulseLoom/Assets.xcassets --compile /Users/wangrenzhu/work/PulseLoom/DerivedDataSim/Build/Intermediates.noindex/PulseLoom.build/Debug-iphonesimulator/PulseLoom.build/assetcatalog_output/thinned --output-format human-readable-text --notices --warnings --export-dependency-info /Users/wangrenzhu/work/PulseLoom/DerivedDataSim/Build/Intermediates.noindex/PulseLoom.build/Debug-iphonesimulator/PulseLoom.build/assetcatalog_dependencies_thinned --output-partial-info-plist /Users/wangrenzhu/work/PulseLoom/DerivedDataSim/Build/Intermediates.noindex/PulseLoom.build/Debug-iphonesimulator/PulseLoom.build/assetcatalog_generated_info.plist_thinned --app-icon AppIcon --compress-pngs --enable-on-demand-resources YES --filter-for-thinning-device-configuration iPhone18,3 --filter-for-device-os-version 26.5 --development-region en --target-device iphone --minimum-deployment-target 14.0 --platform iphonesimulator
/* com.apple.actool.compilation-results */
/Users/wangrenzhu/work/PulseLoom/DerivedDataSim/Build/Intermediates.noindex/PulseLoom.build/Debug-iphonesimulator/PulseLoom.build/assetcatalog_generated_info.plist_thinned
/Users/wangrenzhu/work/PulseLoom/DerivedDataSim/Build/Intermediates.noindex/PulseLoom.build/Debug-iphonesimulator/PulseLoom.build/assetcatalog_output/thinned/AppIcon60x60@2x.png
/Users/wangrenzhu/work/PulseLoom/DerivedDataSim/Build/Intermediates.noindex/PulseLoom.build/Debug-iphonesimulator/PulseLoom.build/assetcatalog_output/thinned/AppIcon76x76@2x~ipad.png
/Users/wangrenzhu/work/PulseLoom/DerivedDataSim/Build/Intermediates.noindex/PulseLoom.build/Debug-iphonesimulator/PulseLoom.build/assetcatalog_output/thinned/Assets.car


SwiftDriver PulseLoom normal arm64 com.apple.xcode.tools.swift.compiler (in target 'PulseLoom' from project 'PulseLoom')
    cd /Users/wangrenzhu/work/PulseLoom
    builtin-SwiftDriver -- /Applications/Xcode.app/Contents/Developer/Toolchains/XcodeDefault.xctoolchain/usr/bin/swiftc -module-name PulseLoom -Onone @/Users/wangrenzhu/work/PulseLoom/DerivedDataSim/Build/Intermediates.noindex/PulseLoom.build/Debug-iphonesimulator/PulseLoom.build/Objects-normal/arm64/PulseLoom.SwiftFileList -DDEBUG -DDEBUG -enable-bare-slash-regex -enable-experimental-feature DebugDescriptionMacro -sdk /Applications/Xcode.app/Contents/Developer/Platforms/iPhoneSimulator.platform/Developer/SDKs/iPhoneSimulator26.5.sdk -target arm64-apple-ios14.0-simulator -g -module-cache-path /Users/wangrenzhu/work/PulseLoom/DerivedDataSim/ModuleCache.noindex -Xfrontend -serialize-debugging-options -enable-testing -index-store-path /Users/wangrenzhu/work/PulseLoom/DerivedDataSim/Index.noindex/DataStore -Xcc -D_LIBCPP_HARDENING_MODE\=_LIBCPP_HARDENING_MODE_DEBUG -swift-version 5 -I /Users/wangrenzhu/work/PulseLoom/DerivedDataSim/Build/Products/Debug-iphonesimulator -F /Users/wangrenzhu/work/PulseLoom/DerivedDataSim/Build/Products/Debug-iphonesimulator -emit-localized-strings -emit-localized-strings-path /Users/wangrenzhu/work/PulseLoom/DerivedDataSim/Build/Intermediates.noindex/PulseLoom.build/Debug-iphonesimulator/PulseLoom.build/Objects-normal/arm64 -c -j10 -enable-batch-mode -incremental -Xcc -ivfsstatcache -Xcc /Users/wangrenzhu/work/PulseLoom/DerivedDataSim/SDKStatCaches.noindex/iphonesimulator26.5-23F81a-6cfe768891a92b912361537c460fe42b.sdkstatcache -output-file-map /Users/wangrenzhu/work/PulseLoom/DerivedDataSim/Build/Intermediates.noindex/PulseLoom.build/Debug-iphonesimulator/PulseLoom.build/Objects-normal/arm64/PulseLoom-OutputFileMap.json -use-frontend-parseable-output -save-temps -no-color-diagnostics -explicit-module-build -module-cache-path /Users/wangrenzhu/work/PulseLoom/DerivedDataSim/Build/Intermediates.noindex/SwiftExplicitPrecompiledModules -clang-scanner-module-cache-path /Users/wangrenzhu/work/PulseLoom/DerivedDataSim/ModuleCache.noindex -sdk-module-cache-path /Users/wangrenzhu/work/PulseLoom/DerivedDataSim/ModuleCache.noindex -serialize-diagnostics -emit-dependencies -emit-module -emit-module-path /Users/wangrenzhu/work/PulseLoom/DerivedDataSim/Build/Intermediates.noindex/PulseLoom.build/Debug-iphonesimulator/PulseLoom.build/Objects-normal/arm64/PulseLoom.swiftmodule -validate-clang-modules-once -clang-build-session-file /Users/wangrenzhu/work/PulseLoom/DerivedDataSim/ModuleCache.noindex/Session.modulevalidation -Xcc -I/Users/wangrenzhu/work/PulseLoom/DerivedDataSim/Build/Intermediates.noindex/PulseLoom.build/Debug-iphonesimulator/PulseLoom.build/swift-overrides.hmap -emit-const-values -Xfrontend -const-gather-protocols-file -Xfrontend /Users/wangrenzhu/work/PulseLoom/DerivedDataSim/Build/Intermediates.noindex/PulseLoom.build/Debug-iphonesimulator/PulseLoom.build/Objects-normal/arm64/PulseLoom_const_extract_protocols.json -Xcc -iquote -Xcc /Users/wangrenzhu/work/PulseLoom/DerivedDataSim/Build/Intermediates.noindex/PulseLoom.build/Debug-iphonesimulator/PulseLoom.build/PulseLoom-generated-files.hmap -Xcc -I/Users/wangrenzhu/work/PulseLoom/DerivedDataSim/Build/Intermediates.noindex/PulseLoom.build/Debug-iphonesimulator/PulseLoom.build/PulseLoom-own-target-headers.hmap -Xcc -I/Users/wangrenzhu/work/PulseLoom/DerivedDataSim/Build/Intermediates.noindex/PulseLoom.build/Debug-iphonesimulator/PulseLoom.build/PulseLoom-all-target-headers.hmap -Xcc -iquote -Xcc /Users/wangrenzhu/work/PulseLoom/DerivedDataSim/Build/Intermediates.noindex/PulseLoom.build/Debug-iphonesimulator/PulseLoom.build/PulseLoom-project-headers.hmap -Xcc -I/Users/wangrenzhu/work/PulseLoom/DerivedDataSim/Build/Products/Debug-iphonesimulator/include -Xcc -I/Users/wangrenzhu/work/PulseLoom/DerivedDataSim/Build/Intermediates.noindex/PulseLoom.build/Debug-iphonesimulator/PulseLoom.build/DerivedSources-normal/arm64 -Xcc -I/Users/wangrenzhu/work/PulseLoom/DerivedDataSim/Build/Intermediates.noindex/PulseLoom.build/Debug-iphonesimulator/PulseLoom.build/DerivedSources/arm64 -Xcc -I/Users/wangrenzhu/work/PulseLoom/DerivedDataSim/Build/Intermediates.noindex/PulseLoom.build/Debug-iphonesimulator/PulseLoom.build/DerivedSources -Xcc -DDEBUG\=1 -emit-objc-header -emit-objc-header-path /Users/wangrenzhu/work/PulseLoom/DerivedDataSim/Build/Intermediates.noindex/PulseLoom.build/Debug-iphonesimulator/PulseLoom.build/Objects-normal/arm64/PulseLoom-Swift.h -working-directory /Users/wangrenzhu/work/PulseLoom -experimental-emit-module-separately -disable-cmo

SwiftExplicitDependencyGeneratePcm arm64 /Users/wangrenzhu/work/PulseLoom/DerivedDataSim/ModuleCache.noindex/DeveloperToolsSupport-DVCL6I725IA2E3EASSFYHXC5F.pcm

SwiftExplicitDependencyGeneratePcm arm64 /Users/wangrenzhu/work/PulseLoom/DerivedDataSim/ModuleCache.noindex/ptrauth-4A4A5Y8ZOT7XQOAQ6CSMXV3KR.pcm

SwiftExplicitDependencyGeneratePcm arm64 /Users/wangrenzhu/work/PulseLoom/DerivedDataSim/ModuleCache.noindex/_SwiftConcurrencyShims-7H4RPKXQAVIYOUHJRXN8XIP1C.pcm

SwiftExplicitDependencyGeneratePcm arm64 /Users/wangrenzhu/work/PulseLoom/DerivedDataSim/ModuleCache.noindex/_Builtin_stddef-DGBHO6S9JNIPR4LYNQ8WADHZF.pcm

SwiftExplicitDependencyGeneratePcm arm64 /Users/wangrenzhu/work/PulseLoom/DerivedDataSim/ModuleCache.noindex/_AvailabilityInternal-43XFH19MTC1MSJGFFTCOOLRL9.pcm

SwiftExplicitDependencyGeneratePcm arm64 /Users/wangrenzhu/work/PulseLoom/DerivedDataSim/ModuleCache.noindex/_Builtin_stdarg-EKP044P0GZT87MN8M8CB3SAY1.pcm

SwiftExplicitDependencyGeneratePcm arm64 /Users/wangrenzhu/work/PulseLoom/DerivedDataSim/ModuleCache.noindex/_Builtin_float-8BVF8SC55XHKAP5TG3KHG1FST.pcm

SwiftExplicitDependencyGeneratePcm arm64 /Users/wangrenzhu/work/PulseLoom/DerivedDataSim/ModuleCache.noindex/SwiftShims-2VMTT7NGFDVYBXRMSHPBJVG8F.pcm

SwiftExplicitDependencyGeneratePcm arm64 /Users/wangrenzhu/work/PulseLoom/DerivedDataSim/ModuleCache.noindex/ptrcheck-A631T3KE9GHUGZ74DXAJ2HCT9.pcm

SwiftExplicitDependencyGeneratePcm arm64 /Users/wangrenzhu/work/PulseLoom/DerivedDataSim/ModuleCache.noindex/_Builtin_stdbool-72STZ0W8O0KH4FW1BV4EP3NPH.pcm

SwiftExplicitDependencyGeneratePcm arm64 /Users/wangrenzhu/work/PulseLoom/DerivedDataSim/ModuleCache.noindex/_DarwinFoundation1-ALUETI16UHIOAKPKRC8AYLFM5.pcm

SwiftExplicitDependencyGeneratePcm arm64 /Users/wangrenzhu/work/PulseLoom/DerivedDataSim/ModuleCache.noindex/_Builtin_limits-C8PVB8T98M15CXPK3M1QIK78C.pcm

SwiftExplicitDependencyGeneratePcm arm64 /Users/wangrenzhu/work/PulseLoom/DerivedDataSim/ModuleCache.noindex/_DarwinFoundation2-8CL828J12RW875KZ7D7LZYBI3.pcm

SwiftExplicitDependencyGeneratePcm arm64 /Users/wangrenzhu/work/PulseLoom/DerivedDataSim/ModuleCache.noindex/ExtensionFoundation-7TAWFW82VKEX2JAETKIW99LUN.pcm

SwiftExplicitDependencyGeneratePcm arm64 /Users/wangrenzhu/work/PulseLoom/DerivedDataSim/ModuleCache.noindex/sys_types-N3PF4C5TVRIM1MIE6HM9K1KV.pcm

SwiftExplicitDependencyGeneratePcm arm64 /Users/wangrenzhu/work/PulseLoom/DerivedDataSim/ModuleCache.noindex/_Builtin_tgmath-8ZMRL0BD31037MA6MBE69RIHE.pcm

SwiftExplicitDependencyGeneratePcm arm64 /Users/wangrenzhu/work/PulseLoom/DerivedDataSim/ModuleCache.noindex/_Builtin_stdint-8SD1EL95P3GKKYPUKZL1EBHDN.pcm

SwiftExplicitDependencyGeneratePcm arm64 /Users/wangrenzhu/work/PulseLoom/DerivedDataSim/ModuleCache.noindex/_DarwinFoundation3-CVI6GZIBOLASMVU0TXUJ0DV1Z.pcm

SwiftExplicitDependencyGeneratePcm arm64 /Users/wangrenzhu/work/PulseLoom/DerivedDataSim/ModuleCache.noindex/_Builtin_stdatomic-CS059FJB0EH8KU3J02PAQ285O.pcm

SwiftExplicitDependencyGeneratePcm arm64 /Users/wangrenzhu/work/PulseLoom/DerivedDataSim/ModuleCache.noindex/_Builtin_intrinsics-94QA41XC8WX3OUXD9SRJLXHQ7.pcm

SwiftExplicitDependencyGeneratePcm arm64 /Users/wangrenzhu/work/PulseLoom/DerivedDataSim/ModuleCache.noindex/_Builtin_inttypes-297B0ML77GEL4NXHRG6Q5OU76.pcm

SwiftExplicitDependencyGeneratePcm arm64 /Users/wangrenzhu/work/PulseLoom/DerivedDataSim/ModuleCache.noindex/Darwin-3VTHDLJOK4AGNSBIDEOMJ2NJN.pcm

SwiftExplicitDependencyGeneratePcm arm64 /Users/wangrenzhu/work/PulseLoom/DerivedDataSim/ModuleCache.noindex/simd-4T7FMP2BKMWHS02WXBJSMEQM4.pcm

SwiftExplicitDependencyGeneratePcm arm64 /Users/wangrenzhu/work/PulseLoom/DerivedDataSim/ModuleCache.noindex/MachO-Z8G7UM0H5Z1X2OKEJMO2JQ9X.pcm

SwiftExplicitDependencyGeneratePcm arm64 /Users/wangrenzhu/work/PulseLoom/DerivedDataSim/ModuleCache.noindex/ObjectiveC-WJVBTP69AG8UC4QV9AP0Y7ZA.pcm

SwiftExplicitDependencyGeneratePcm arm64 /Users/wangrenzhu/work/PulseLoom/DerivedDataSim/ModuleCache.noindex/os_object-2WU633GN52IZMZJB03QLZR7ZJ.pcm

SwiftExplicitDependencyGeneratePcm arm64 /Users/wangrenzhu/work/PulseLoom/DerivedDataSim/ModuleCache.noindex/os_workgroup-9AW2Y3F9GH2MMGTK7S77R3PO7.pcm

SwiftExplicitDependencyGeneratePcm arm64 /Users/wangrenzhu/work/PulseLoom/DerivedDataSim/ModuleCache.noindex/Dispatch-C3I2KRBCNKHJUNGOPVCDQJB7K.pcm

SwiftExplicitDependencyGeneratePcm arm64 /Users/wangrenzhu/work/PulseLoom/DerivedDataSim/ModuleCache.noindex/Spatial-A92MPR9QISHFHCT9A7TTZ6CLA.pcm

SwiftExplicitDependencyGeneratePcm arm64 /Users/wangrenzhu/work/PulseLoom/DerivedDataSim/ModuleCache.noindex/XPC-B6FD6Q0QNVUV5A6L43PO02Z41.pcm

SwiftExplicitDependencyGeneratePcm arm64 /Users/wangrenzhu/work/PulseLoom/DerivedDataSim/ModuleCache.noindex/CoreFoundation-ALUUJH07EZDV0IBM7ZGU77BQQ.pcm

SwiftExplicitDependencyGeneratePcm arm64 /Users/wangrenzhu/work/PulseLoom/DerivedDataSim/ModuleCache.noindex/dnssd-BC097HP4TRWEW2NDH1VCVHBP1.pcm

SwiftExplicitDependencyGeneratePcm arm64 /Users/wangrenzhu/work/PulseLoom/DerivedDataSim/ModuleCache.noindex/os-5QGETULQTHBU67KYD5CYUZ9VB.pcm

SwiftExplicitDependencyGeneratePcm arm64 /Users/wangrenzhu/work/PulseLoom/DerivedDataSim/ModuleCache.noindex/Security-E7OM76J3389A9AT0DKWZXXGR3.pcm

SwiftExplicitDependencyGeneratePcm arm64 /Users/wangrenzhu/work/PulseLoom/DerivedDataSim/ModuleCache.noindex/CFNetwork-A7NZEMUUYNKKRTBJKHDDSTZRG.pcm

SwiftExplicitDependencyGeneratePcm arm64 /Users/wangrenzhu/work/PulseLoom/DerivedDataSim/ModuleCache.noindex/CoreGraphics-EBNA9A1D1QVCLRB66DQA0T1AP.pcm

SwiftExplicitDependencyGeneratePcm arm64 /Users/wangrenzhu/work/PulseLoom/DerivedDataSim/ModuleCache.noindex/Foundation-7IOLA8IS8XKV7KUHNBAG7RBDS.pcm

SwiftExplicitDependencyGeneratePcm arm64 /Users/wangrenzhu/work/PulseLoom/DerivedDataSim/ModuleCache.noindex/ImageIO-1LPRLQ40TXCFU1W9O7LYQGPQB.pcm

SwiftExplicitDependencyGeneratePcm arm64 /Users/wangrenzhu/work/PulseLoom/DerivedDataSim/ModuleCache.noindex/CoreText-908K1DEC1ES284M1PC4BBOD7J.pcm

SwiftExplicitDependencyGeneratePcm arm64 /Users/wangrenzhu/work/PulseLoom/DerivedDataSim/ModuleCache.noindex/LocalAuthentication-3YUS54FC76SAA9ZTUS3Z62I7H.pcm

SwiftExplicitDependencyGeneratePcm arm64 /Users/wangrenzhu/work/PulseLoom/DerivedDataSim/ModuleCache.noindex/IOSurface-DZMFWJ4UGQSMNXPXDOGJKJ87F.pcm

SwiftExplicitDependencyGeneratePcm arm64 /Users/wangrenzhu/work/PulseLoom/DerivedDataSim/ModuleCache.noindex/Network-2PE4SN40K9APH8UIPMY16NNYC.pcm

SwiftExplicitDependencyGeneratePcm arm64 /Users/wangrenzhu/work/PulseLoom/DerivedDataSim/ModuleCache.noindex/Symbols-DIQPW040AD43NI5WM0NOJ9H6V.pcm

SwiftExplicitDependencyGeneratePcm arm64 /Users/wangrenzhu/work/PulseLoom/DerivedDataSim/ModuleCache.noindex/BackgroundAssets-A72WPYE7Y3YCGASME01UQ7FJY.pcm

SwiftExplicitDependencyGeneratePcm arm64 /Users/wangrenzhu/work/PulseLoom/DerivedDataSim/ModuleCache.noindex/CoreTransferable-8C6UQQ3US0TGQWPYPHXTRZKCJ.pcm

SwiftExplicitDependencyGeneratePcm arm64 /Users/wangrenzhu/work/PulseLoom/DerivedDataSim/ModuleCache.noindex/UIUtilities-9PP3K8AC84Y6O52HH0VBAS8IU.pcm

SwiftExplicitDependencyGeneratePcm arm64 /Users/wangrenzhu/work/PulseLoom/DerivedDataSim/ModuleCache.noindex/UserNotifications-1BLA4MI7M5C2TIW98D6Q3JT3E.pcm

SwiftExplicitDependencyGeneratePcm arm64 /Users/wangrenzhu/work/PulseLoom/DerivedDataSim/ModuleCache.noindex/OpenGLES-9MXVPWPVCT4TVIHJ3NAAATFLH.pcm

SwiftExplicitDependencyGeneratePcm arm64 /Users/wangrenzhu/work/PulseLoom/DerivedDataSim/ModuleCache.noindex/FileProvider-C4LIUVV1CX1C5GTRDUWQYSBS0.pcm

SwiftExplicitDependencyGeneratePcm arm64 /Users/wangrenzhu/work/PulseLoom/DerivedDataSim/ModuleCache.noindex/Accessibility-5JZTW314IAUJSMNSGK4YV4JB3.pcm

SwiftExplicitDependencyGeneratePcm arm64 /Users/wangrenzhu/work/PulseLoom/DerivedDataSim/ModuleCache.noindex/UniformTypeIdentifiers-78S2PKEBVSF7NC34YBQUAA9D2.pcm

SwiftExplicitDependencyGeneratePcm arm64 /Users/wangrenzhu/work/PulseLoom/DerivedDataSim/ModuleCache.noindex/CoreData-B2UYGLGYTHVHTP1RBTLNP941D.pcm

SwiftExplicitDependencyGeneratePcm arm64 /Users/wangrenzhu/work/PulseLoom/DerivedDataSim/ModuleCache.noindex/Metal-7PR4RHTYM6303MISDXC91AJI.pcm

SwiftExplicitDependencyGeneratePcm arm64 /Users/wangrenzhu/work/PulseLoom/DerivedDataSim/ModuleCache.noindex/DataDetection-72VH5JXGGK0066Y4TO6Y4QCCB.pcm

SwiftExplicitDependencyGeneratePcm arm64 /Users/wangrenzhu/work/PulseLoom/DerivedDataSim/ModuleCache.noindex/OSLog-AFO533ZFMYORK1H2MP2T4ISLE.pcm

SwiftExplicitDependencyGeneratePcm arm64 /Users/wangrenzhu/work/PulseLoom/DerivedDataSim/ModuleCache.noindex/CoreVideo-1Y7GRZ8BXSB9Z36PXABGCG32K.pcm

SwiftExplicitDependencyGeneratePcm arm64 /Users/wangrenzhu/work/PulseLoom/DerivedDataSim/ModuleCache.noindex/CoreImage-CT27ZA06XGM2L62O26MO3NWNA.pcm

SwiftExplicitDependencyGeneratePcm arm64 /Users/wangrenzhu/work/PulseLoom/DerivedDataSim/ModuleCache.noindex/QuartzCore-20TXIQ9RFHIA7SL4JXZIMXIZP.pcm

SwiftExplicitDependencyGeneratePcm arm64 /Users/wangrenzhu/work/PulseLoom/DerivedDataSim/ModuleCache.noindex/SwiftUICore-2MC8SUETHTL9OOUQ5EJ4OT7V5.pcm

SwiftExplicitDependencyGeneratePcm arm64 /Users/wangrenzhu/work/PulseLoom/DerivedDataSim/ModuleCache.noindex/UIKit-AYHBUJ3YNGU8OVBOGIFAD3I6Q.pcm

SwiftExplicitDependencyGeneratePcm arm64 /Users/wangrenzhu/work/PulseLoom/DerivedDataSim/ModuleCache.noindex/SwiftUI-19CJRMTVPHFVS8PTZ5OHD4DFO.pcm

SwiftExplicitDependencyGeneratePcm arm64 /Users/wangrenzhu/work/PulseLoom/DerivedDataSim/ModuleCache.noindex/StoreKit-DNNEKEPGFQGE2E3384YBDM1HW.pcm

SwiftEmitModule normal arm64 Emitting\ module\ for\ PulseLoom (in target 'PulseLoom' from project 'PulseLoom')

EmitSwiftModule normal arm64 (in target 'PulseLoom' from project 'PulseLoom')
    cd /Users/wangrenzhu/work/PulseLoom


SwiftCompile normal arm64 Compiling\ PatternEditorView.swift /Users/wangrenzhu/work/PulseLoom/PulseLoom/PatternEditorView.swift (in target 'PulseLoom' from project 'PulseLoom')
SwiftCompile normal arm64 /Users/wangrenzhu/work/PulseLoom/PulseLoom/PatternEditorView.swift (in target 'PulseLoom' from project 'PulseLoom')
    cd /Users/wangrenzhu/work/PulseLoom


SwiftCompile normal arm64 Compiling\ PracticeViews.swift /Users/wangrenzhu/work/PulseLoom/PulseLoom/PracticeViews.swift (in target 'PulseLoom' from project 'PulseLoom')
SwiftCompile normal arm64 /Users/wangrenzhu/work/PulseLoom/PulseLoom/PracticeViews.swift (in target 'PulseLoom' from project 'PulseLoom')
    cd /Users/wangrenzhu/work/PulseLoom


SwiftCompile normal arm64 Compiling\ PatternLibraryView.swift /Users/wangrenzhu/work/PulseLoom/PulseLoom/PatternLibraryView.swift (in target 'PulseLoom' from project 'PulseLoom')

SwiftCompile normal arm64 /Users/wangrenzhu/work/PulseLoom/PulseLoom/PatternLibraryView.swift (in target 'PulseLoom' from project 'PulseLoom')
    cd /Users/wangrenzhu/work/PulseLoom


SwiftCompile normal arm64 Compiling\ GeneratedAssetSymbols.swift /Users/wangrenzhu/work/PulseLoom/DerivedDataSim/Build/Intermediates.noindex/PulseLoom.build/Debug-iphonesimulator/PulseLoom.build/DerivedSources/GeneratedAssetSymbols.swift (in target 'PulseLoom' from project 'PulseLoom')
SwiftCompile normal arm64 /Users/wangrenzhu/work/PulseLoom/DerivedDataSim/Build/Intermediates.noindex/PulseLoom.build/Debug-iphonesimulator/PulseLoom.build/DerivedSources/GeneratedAssetSymbols.swift (in target 'PulseLoom' from project 'PulseLoom')
    cd /Users/wangrenzhu/work/PulseLoom


SwiftCompile normal arm64 Compiling\ SettingsAndHistoryView.swift /Users/wangrenzhu/work/PulseLoom/PulseLoom/SettingsAndHistoryView.swift (in target 'PulseLoom' from project 'PulseLoom')

SwiftCompile normal arm64 /Users/wangrenzhu/work/PulseLoom/PulseLoom/SettingsAndHistoryView.swift (in target 'PulseLoom' from project 'PulseLoom')
    cd /Users/wangrenzhu/work/PulseLoom


SwiftCompile normal arm64 Compiling\ PulseLoomCore.swift,\ PulseLoomApp.swift /Users/wangrenzhu/work/PulseLoom/Sources/PulseLoomCore/PulseLoomCore.swift /Users/wangrenzhu/work/PulseLoom/PulseLoom/PulseLoomApp.swift (in target 'PulseLoom' from project 'PulseLoom')

SwiftCompile normal arm64 /Users/wangrenzhu/work/PulseLoom/Sources/PulseLoomCore/PulseLoomCore.swift (in target 'PulseLoom' from project 'PulseLoom')
    cd /Users/wangrenzhu/work/PulseLoom


SwiftCompile normal arm64 /Users/wangrenzhu/work/PulseLoom/PulseLoom/PulseLoomApp.swift (in target 'PulseLoom' from project 'PulseLoom')
    cd /Users/wangrenzhu/work/PulseLoom


SwiftCompile normal arm64 Compiling\ Components.swift /Users/wangrenzhu/work/PulseLoom/PulseLoom/Components.swift (in target 'PulseLoom' from project 'PulseLoom')

SwiftCompile normal arm64 /Users/wangrenzhu/work/PulseLoom/PulseLoom/Components.swift (in target 'PulseLoom' from project 'PulseLoom')
    cd /Users/wangrenzhu/work/PulseLoom


SwiftCompile normal arm64 Compiling\ PracticeStore.swift,\ PurchaseStore.swift /Users/wangrenzhu/work/PulseLoom/PulseLoom/PracticeStore.swift /Users/wangrenzhu/work/PulseLoom/PulseLoom/PurchaseStore.swift (in target 'PulseLoom' from project 'PulseLoom')

SwiftCompile normal arm64 /Users/wangrenzhu/work/PulseLoom/PulseLoom/PracticeStore.swift (in target 'PulseLoom' from project 'PulseLoom')
    cd /Users/wangrenzhu/work/PulseLoom


SwiftCompile normal arm64 /Users/wangrenzhu/work/PulseLoom/PulseLoom/PurchaseStore.swift (in target 'PulseLoom' from project 'PulseLoom')
    cd /Users/wangrenzhu/work/PulseLoom


SwiftCompile normal arm64 Compiling\ HomeView.swift /Users/wangrenzhu/work/PulseLoom/PulseLoom/HomeView.swift (in target 'PulseLoom' from project 'PulseLoom')

SwiftCompile normal arm64 /Users/wangrenzhu/work/PulseLoom/PulseLoom/HomeView.swift (in target 'PulseLoom' from project 'PulseLoom')
    cd /Users/wangrenzhu/work/PulseLoom


SwiftDriverJobDiscovery normal arm64 Emitting module for PulseLoom (in target 'PulseLoom' from project 'PulseLoom')

SwiftDriver\ Compilation\ Requirements PulseLoom normal arm64 com.apple.xcode.tools.swift.compiler (in target 'PulseLoom' from project 'PulseLoom')
    cd /Users/wangrenzhu/work/PulseLoom
    builtin-Swift-Compilation-Requirements -- /Applications/Xcode.app/Contents/Developer/Toolchains/XcodeDefault.xctoolchain/usr/bin/swiftc -module-name PulseLoom -Onone @/Users/wangrenzhu/work/PulseLoom/DerivedDataSim/Build/Intermediates.noindex/PulseLoom.build/Debug-iphonesimulator/PulseLoom.build/Objects-normal/arm64/PulseLoom.SwiftFileList -DDEBUG -DDEBUG -enable-bare-slash-regex -enable-experimental-feature DebugDescriptionMacro -sdk /Applications/Xcode.app/Contents/Developer/Platforms/iPhoneSimulator.platform/Developer/SDKs/iPhoneSimulator26.5.sdk -target arm64-apple-ios14.0-simulator -g -module-cache-path /Users/wangrenzhu/work/PulseLoom/DerivedDataSim/ModuleCache.noindex -Xfrontend -serialize-debugging-options -enable-testing -index-store-path /Users/wangrenzhu/work/PulseLoom/DerivedDataSim/Index.noindex/DataStore -Xcc -D_LIBCPP_HARDENING_MODE\=_LIBCPP_HARDENING_MODE_DEBUG -swift-version 5 -I /Users/wangrenzhu/work/PulseLoom/DerivedDataSim/Build/Products/Debug-iphonesimulator -F /Users/wangrenzhu/work/PulseLoom/DerivedDataSim/Build/Products/Debug-iphonesimulator -emit-localized-strings -emit-localized-strings-path /Users/wangrenzhu/work/PulseLoom/DerivedDataSim/Build/Intermediates.noindex/PulseLoom.build/Debug-iphonesimulator/PulseLoom.build/Objects-normal/arm64 -c -j10 -enable-batch-mode -incremental -Xcc -ivfsstatcache -Xcc /Users/wangrenzhu/work/PulseLoom/DerivedDataSim/SDKStatCaches.noindex/iphonesimulator26.5-23F81a-6cfe768891a92b912361537c460fe42b.sdkstatcache -output-file-map /Users/wangrenzhu/work/PulseLoom/DerivedDataSim/Build/Intermediates.noindex/PulseLoom.build/Debug-iphonesimulator/PulseLoom.build/Objects-normal/arm64/PulseLoom-OutputFileMap.json -use-frontend-parseable-output -save-temps -no-color-diagnostics -explicit-module-build -module-cache-path /Users/wangrenzhu/work/PulseLoom/DerivedDataSim/Build/Intermediates.noindex/SwiftExplicitPrecompiledModules -clang-scanner-module-cache-path /Users/wangrenzhu/work/PulseLoom/DerivedDataSim/ModuleCache.noindex -sdk-module-cache-path /Users/wangrenzhu/work/PulseLoom/DerivedDataSim/ModuleCache.noindex -serialize-diagnostics -emit-dependencies -emit-module -emit-module-path /Users/wangrenzhu/work/PulseLoom/DerivedDataSim/Build/Intermediates.noindex/PulseLoom.build/Debug-iphonesimulator/PulseLoom.build/Objects-normal/arm64/PulseLoom.swiftmodule -validate-clang-modules-once -clang-build-session-file /Users/wangrenzhu/work/PulseLoom/DerivedDataSim/ModuleCache.noindex/Session.modulevalidation -Xcc -I/Users/wangrenzhu/work/PulseLoom/DerivedDataSim/Build/Intermediates.noindex/PulseLoom.build/Debug-iphonesimulator/PulseLoom.build/swift-overrides.hmap -emit-const-values -Xfrontend -const-gather-protocols-file -Xfrontend /Users/wangrenzhu/work/PulseLoom/DerivedDataSim/Build/Intermediates.noindex/PulseLoom.build/Debug-iphonesimulator/PulseLoom.build/Objects-normal/arm64/PulseLoom_const_extract_protocols.json -Xcc -iquote -Xcc /Users/wangrenzhu/work/PulseLoom/DerivedDataSim/Build/Intermediates.noindex/PulseLoom.build/Debug-iphonesimulator/PulseLoom.build/PulseLoom-generated-files.hmap -Xcc -I/Users/wangrenzhu/work/PulseLoom/DerivedDataSim/Build/Intermediates.noindex/PulseLoom.build/Debug-iphonesimulator/PulseLoom.build/PulseLoom-own-target-headers.hmap -Xcc -I/Users/wangrenzhu/work/PulseLoom/DerivedDataSim/Build/Intermediates.noindex/PulseLoom.build/Debug-iphonesimulator/PulseLoom.build/PulseLoom-all-target-headers.hmap -Xcc -iquote -Xcc /Users/wangrenzhu/work/PulseLoom/DerivedDataSim/Build/Intermediates.noindex/PulseLoom.build/Debug-iphonesimulator/PulseLoom.build/PulseLoom-project-headers.hmap -Xcc -I/Users/wangrenzhu/work/PulseLoom/DerivedDataSim/Build/Products/Debug-iphonesimulator/include -Xcc -I/Users/wangrenzhu/work/PulseLoom/DerivedDataSim/Build/Intermediates.noindex/PulseLoom.build/Debug-iphonesimulator/PulseLoom.build/DerivedSources-normal/arm64 -Xcc -I/Users/wangrenzhu/work/PulseLoom/DerivedDataSim/Build/Intermediates.noindex/PulseLoom.build/Debug-iphonesimulator/PulseLoom.build/DerivedSources/arm64 -Xcc -I/Users/wangrenzhu/work/PulseLoom/DerivedDataSim/Build/Intermediates.noindex/PulseLoom.build/Debug-iphonesimulator/PulseLoom.build/DerivedSources -Xcc -DDEBUG\=1 -emit-objc-header -emit-objc-header-path /Users/wangrenzhu/work/PulseLoom/DerivedDataSim/Build/Intermediates.noindex/PulseLoom.build/Debug-iphonesimulator/PulseLoom.build/Objects-normal/arm64/PulseLoom-Swift.h -working-directory /Users/wangrenzhu/work/PulseLoom -experimental-emit-module-separately -disable-cmo

LinkAssetCatalog /Users/wangrenzhu/work/PulseLoom/PulseLoom/Assets.xcassets (in target 'PulseLoom' from project 'PulseLoom')
    cd /Users/wangrenzhu/work/PulseLoom
    builtin-linkAssetCatalog --thinned /Users/wangrenzhu/work/PulseLoom/DerivedDataSim/Build/Intermediates.noindex/PulseLoom.build/Debug-iphonesimulator/PulseLoom.build/assetcatalog_output/thinned --thinned-dependencies /Users/wangrenzhu/work/PulseLoom/DerivedDataSim/Build/Intermediates.noindex/PulseLoom.build/Debug-iphonesimulator/PulseLoom.build/assetcatalog_dependencies_thinned --thinned-info-plist-content /Users/wangrenzhu/work/PulseLoom/DerivedDataSim/Build/Intermediates.noindex/PulseLoom.build/Debug-iphonesimulator/PulseLoom.build/assetcatalog_generated_info.plist_thinned --unthinned /Users/wangrenzhu/work/PulseLoom/DerivedDataSim/Build/Intermediates.noindex/PulseLoom.build/Debug-iphonesimulator/PulseLoom.build/assetcatalog_output/unthinned --unthinned-dependencies /Users/wangrenzhu/work/PulseLoom/DerivedDataSim/Build/Intermediates.noindex/PulseLoom.build/Debug-iphonesimulator/PulseLoom.build/assetcatalog_dependencies_unthinned --unthinned-info-plist-content /Users/wangrenzhu/work/PulseLoom/DerivedDataSim/Build/Intermediates.noindex/PulseLoom.build/Debug-iphonesimulator/PulseLoom.build/assetcatalog_generated_info.plist_unthinned --output /Users/wangrenzhu/work/PulseLoom/DerivedDataSim/Build/Products/Debug-iphonesimulator/PulseLoom.app --plist-output /Users/wangrenzhu/work/PulseLoom/DerivedDataSim/Build/Intermediates.noindex/PulseLoom.build/Debug-iphonesimulator/PulseLoom.build/assetcatalog_generated_info.plist
note: Emplaced /Users/wangrenzhu/work/PulseLoom/DerivedDataSim/Build/Products/Debug-iphonesimulator/PulseLoom.app/Assets.car (in target 'PulseLoom' from project 'PulseLoom')
note: Emplaced /Users/wangrenzhu/work/PulseLoom/DerivedDataSim/Build/Products/Debug-iphonesimulator/PulseLoom.app/AppIcon76x76@2x~ipad.png (in target 'PulseLoom' from project 'PulseLoom')
note: Emplaced /Users/wangrenzhu/work/PulseLoom/DerivedDataSim/Build/Products/Debug-iphonesimulator/PulseLoom.app/AppIcon60x60@2x.png (in target 'PulseLoom' from project 'PulseLoom')

SwiftMergeGeneratedHeaders /Users/wangrenzhu/work/PulseLoom/DerivedDataSim/Build/Intermediates.noindex/PulseLoom.build/Debug-iphonesimulator/PulseLoom.build/DerivedSources/PulseLoom-Swift.h /Users/wangrenzhu/work/PulseLoom/DerivedDataSim/Build/Intermediates.noindex/PulseLoom.build/Debug-iphonesimulator/PulseLoom.build/Objects-normal/arm64/PulseLoom-Swift.h (in target 'PulseLoom' from project 'PulseLoom')
    cd /Users/wangrenzhu/work/PulseLoom
    builtin-swiftHeaderTool -arch arm64 /Users/wangrenzhu/work/PulseLoom/DerivedDataSim/Build/Intermediates.noindex/PulseLoom.build/Debug-iphonesimulator/PulseLoom.build/Objects-normal/arm64/PulseLoom-Swift.h -o /Users/wangrenzhu/work/PulseLoom/DerivedDataSim/Build/Intermediates.noindex/PulseLoom.build/Debug-iphonesimulator/PulseLoom.build/DerivedSources/PulseLoom-Swift.h

Copy /Users/wangrenzhu/work/PulseLoom/DerivedDataSim/Build/Products/Debug-iphonesimulator/PulseLoom.swiftmodule/arm64-apple-ios-simulator.swiftmodule /Users/wangrenzhu/work/PulseLoom/DerivedDataSim/Build/Intermediates.noindex/PulseLoom.build/Debug-iphonesimulator/PulseLoom.build/Objects-normal/arm64/PulseLoom.swiftmodule (in target 'PulseLoom' from project 'PulseLoom')
    cd /Users/wangrenzhu/work/PulseLoom
    builtin-copy -exclude .DS_Store -exclude CVS -exclude .svn -exclude .git -exclude .hg -resolve-src-symlinks -rename /Users/wangrenzhu/work/PulseLoom/DerivedDataSim/Build/Intermediates.noindex/PulseLoom.build/Debug-iphonesimulator/PulseLoom.build/Objects-normal/arm64/PulseLoom.swiftmodule /Users/wangrenzhu/work/PulseLoom/DerivedDataSim/Build/Products/Debug-iphonesimulator/PulseLoom.swiftmodule/arm64-apple-ios-simulator.swiftmodule

Copy /Users/wangrenzhu/work/PulseLoom/DerivedDataSim/Build/Products/Debug-iphonesimulator/PulseLoom.swiftmodule/arm64-apple-ios-simulator.swiftdoc /Users/wangrenzhu/work/PulseLoom/DerivedDataSim/Build/Intermediates.noindex/PulseLoom.build/Debug-iphonesimulator/PulseLoom.build/Objects-normal/arm64/PulseLoom.swiftdoc (in target 'PulseLoom' from project 'PulseLoom')
    cd /Users/wangrenzhu/work/PulseLoom
    builtin-copy -exclude .DS_Store -exclude CVS -exclude .svn -exclude .git -exclude .hg -resolve-src-symlinks -rename /Users/wangrenzhu/work/PulseLoom/DerivedDataSim/Build/Intermediates.noindex/PulseLoom.build/Debug-iphonesimulator/PulseLoom.build/Objects-normal/arm64/PulseLoom.swiftdoc /Users/wangrenzhu/work/PulseLoom/DerivedDataSim/Build/Products/Debug-iphonesimulator/PulseLoom.swiftmodule/arm64-apple-ios-simulator.swiftdoc

Copy /Users/wangrenzhu/work/PulseLoom/DerivedDataSim/Build/Products/Debug-iphonesimulator/PulseLoom.swiftmodule/arm64-apple-ios-simulator.abi.json /Users/wangrenzhu/work/PulseLoom/DerivedDataSim/Build/Intermediates.noindex/PulseLoom.build/Debug-iphonesimulator/PulseLoom.build/Objects-normal/arm64/PulseLoom.abi.json (in target 'PulseLoom' from project 'PulseLoom')
    cd /Users/wangrenzhu/work/PulseLoom
    builtin-copy -exclude .DS_Store -exclude CVS -exclude .svn -exclude .git -exclude .hg -resolve-src-symlinks -rename /Users/wangrenzhu/work/PulseLoom/DerivedDataSim/Build/Intermediates.noindex/PulseLoom.build/Debug-iphonesimulator/PulseLoom.build/Objects-normal/arm64/PulseLoom.abi.json /Users/wangrenzhu/work/PulseLoom/DerivedDataSim/Build/Products/Debug-iphonesimulator/PulseLoom.swiftmodule/arm64-apple-ios-simulator.abi.json

Copy /Users/wangrenzhu/work/PulseLoom/DerivedDataSim/Build/Products/Debug-iphonesimulator/PulseLoom.swiftmodule/Project/arm64-apple-ios-simulator.swiftsourceinfo /Users/wangrenzhu/work/PulseLoom/DerivedDataSim/Build/Intermediates.noindex/PulseLoom.build/Debug-iphonesimulator/PulseLoom.build/Objects-normal/arm64/PulseLoom.swiftsourceinfo (in target 'PulseLoom' from project 'PulseLoom')
    cd /Users/wangrenzhu/work/PulseLoom
    builtin-copy -exclude .DS_Store -exclude CVS -exclude .svn -exclude .git -exclude .hg -resolve-src-symlinks -rename /Users/wangrenzhu/work/PulseLoom/DerivedDataSim/Build/Intermediates.noindex/PulseLoom.build/Debug-iphonesimulator/PulseLoom.build/Objects-normal/arm64/PulseLoom.swiftsourceinfo /Users/wangrenzhu/work/PulseLoom/DerivedDataSim/Build/Products/Debug-iphonesimulator/PulseLoom.swiftmodule/Project/arm64-apple-ios-simulator.swiftsourceinfo

ProcessInfoPlistFile /Users/wangrenzhu/work/PulseLoom/DerivedDataSim/Build/Products/Debug-iphonesimulator/PulseLoom.app/Info.plist /Users/wangrenzhu/work/PulseLoom/PulseLoom/Info.plist (in target 'PulseLoom' from project 'PulseLoom')
    cd /Users/wangrenzhu/work/PulseLoom
    builtin-infoPlistUtility /Users/wangrenzhu/work/PulseLoom/PulseLoom/Info.plist -producttype com.apple.product-type.application -genpkginfo /Users/wangrenzhu/work/PulseLoom/DerivedDataSim/Build/Products/Debug-iphonesimulator/PulseLoom.app/PkgInfo -expandbuildsettings -format binary -platform iphonesimulator -additionalcontentfile /Users/wangrenzhu/work/PulseLoom/DerivedDataSim/Build/Intermediates.noindex/PulseLoom.build/Debug-iphonesimulator/PulseLoom.build/assetcatalog_generated_info.plist -o /Users/wangrenzhu/work/PulseLoom/DerivedDataSim/Build/Products/Debug-iphonesimulator/PulseLoom.app/Info.plist

SwiftCompile normal arm64 Compiling\ PulseLoomRootView.swift /Users/wangrenzhu/work/PulseLoom/PulseLoom/PulseLoomRootView.swift (in target 'PulseLoom' from project 'PulseLoom')

SwiftCompile normal arm64 /Users/wangrenzhu/work/PulseLoom/PulseLoom/PulseLoomRootView.swift (in target 'PulseLoom' from project 'PulseLoom')
    cd /Users/wangrenzhu/work/PulseLoom


SwiftDriverJobDiscovery normal arm64 Compiling PulseLoomCore.swift, PulseLoomApp.swift (in target 'PulseLoom' from project 'PulseLoom')

SwiftDriverJobDiscovery normal arm64 Compiling HomeView.swift (in target 'PulseLoom' from project 'PulseLoom')

SwiftDriverJobDiscovery normal arm64 Compiling Components.swift (in target 'PulseLoom' from project 'PulseLoom')

SwiftDriverJobDiscovery normal arm64 Compiling PatternLibraryView.swift (in target 'PulseLoom' from project 'PulseLoom')

SwiftDriverJobDiscovery normal arm64 Compiling PulseLoomRootView.swift (in target 'PulseLoom' from project 'PulseLoom')

SwiftDriverJobDiscovery normal arm64 Compiling PracticeStore.swift, PurchaseStore.swift (in target 'PulseLoom' from project 'PulseLoom')

SwiftDriverJobDiscovery normal arm64 Compiling SettingsAndHistoryView.swift (in target 'PulseLoom' from project 'PulseLoom')

SwiftDriverJobDiscovery normal arm64 Compiling PatternEditorView.swift (in target 'PulseLoom' from project 'PulseLoom')

SwiftDriverJobDiscovery normal arm64 Compiling PracticeViews.swift (in target 'PulseLoom' from project 'PulseLoom')

SwiftDriverJobDiscovery normal arm64 Compiling GeneratedAssetSymbols.swift (in target 'PulseLoom' from project 'PulseLoom')

SwiftDriver\ Compilation PulseLoom normal arm64 com.apple.xcode.tools.swift.compiler (in target 'PulseLoom' from project 'PulseLoom')
    cd /Users/wangrenzhu/work/PulseLoom
    builtin-Swift-Compilation -- /Applications/Xcode.app/Contents/Developer/Toolchains/XcodeDefault.xctoolchain/usr/bin/swiftc -module-name PulseLoom -Onone @/Users/wangrenzhu/work/PulseLoom/DerivedDataSim/Build/Intermediates.noindex/PulseLoom.build/Debug-iphonesimulator/PulseLoom.build/Objects-normal/arm64/PulseLoom.SwiftFileList -DDEBUG -DDEBUG -enable-bare-slash-regex -enable-experimental-feature DebugDescriptionMacro -sdk /Applications/Xcode.app/Contents/Developer/Platforms/iPhoneSimulator.platform/Developer/SDKs/iPhoneSimulator26.5.sdk -target arm64-apple-ios14.0-simulator -g -module-cache-path /Users/wangrenzhu/work/PulseLoom/DerivedDataSim/ModuleCache.noindex -Xfrontend -serialize-debugging-options -enable-testing -index-store-path /Users/wangrenzhu/work/PulseLoom/DerivedDataSim/Index.noindex/DataStore -Xcc -D_LIBCPP_HARDENING_MODE\=_LIBCPP_HARDENING_MODE_DEBUG -swift-version 5 -I /Users/wangrenzhu/work/PulseLoom/DerivedDataSim/Build/Products/Debug-iphonesimulator -F /Users/wangrenzhu/work/PulseLoom/DerivedDataSim/Build/Products/Debug-iphonesimulator -emit-localized-strings -emit-localized-strings-path /Users/wangrenzhu/work/PulseLoom/DerivedDataSim/Build/Intermediates.noindex/PulseLoom.build/Debug-iphonesimulator/PulseLoom.build/Objects-normal/arm64 -c -j10 -enable-batch-mode -incremental -Xcc -ivfsstatcache -Xcc /Users/wangrenzhu/work/PulseLoom/DerivedDataSim/SDKStatCaches.noindex/iphonesimulator26.5-23F81a-6cfe768891a92b912361537c460fe42b.sdkstatcache -output-file-map /Users/wangrenzhu/work/PulseLoom/DerivedDataSim/Build/Intermediates.noindex/PulseLoom.build/Debug-iphonesimulator/PulseLoom.build/Objects-normal/arm64/PulseLoom-OutputFileMap.json -use-frontend-parseable-output -save-temps -no-color-diagnostics -explicit-module-build -module-cache-path /Users/wangrenzhu/work/PulseLoom/DerivedDataSim/Build/Intermediates.noindex/SwiftExplicitPrecompiledModules -clang-scanner-module-cache-path /Users/wangrenzhu/work/PulseLoom/DerivedDataSim/ModuleCache.noindex -sdk-module-cache-path /Users/wangrenzhu/work/PulseLoom/DerivedDataSim/ModuleCache.noindex -serialize-diagnostics -emit-dependencies -emit-module -emit-module-path /Users/wangrenzhu/work/PulseLoom/DerivedDataSim/Build/Intermediates.noindex/PulseLoom.build/Debug-iphonesimulator/PulseLoom.build/Objects-normal/arm64/PulseLoom.swiftmodule -validate-clang-modules-once -clang-build-session-file /Users/wangrenzhu/work/PulseLoom/DerivedDataSim/ModuleCache.noindex/Session.modulevalidation -Xcc -I/Users/wangrenzhu/work/PulseLoom/DerivedDataSim/Build/Intermediates.noindex/PulseLoom.build/Debug-iphonesimulator/PulseLoom.build/swift-overrides.hmap -emit-const-values -Xfrontend -const-gather-protocols-file -Xfrontend /Users/wangrenzhu/work/PulseLoom/DerivedDataSim/Build/Intermediates.noindex/PulseLoom.build/Debug-iphonesimulator/PulseLoom.build/Objects-normal/arm64/PulseLoom_const_extract_protocols.json -Xcc -iquote -Xcc /Users/wangrenzhu/work/PulseLoom/DerivedDataSim/Build/Intermediates.noindex/PulseLoom.build/Debug-iphonesimulator/PulseLoom.build/PulseLoom-generated-files.hmap -Xcc -I/Users/wangrenzhu/work/PulseLoom/DerivedDataSim/Build/Intermediates.noindex/PulseLoom.build/Debug-iphonesimulator/PulseLoom.build/PulseLoom-own-target-headers.hmap -Xcc -I/Users/wangrenzhu/work/PulseLoom/DerivedDataSim/Build/Intermediates.noindex/PulseLoom.build/Debug-iphonesimulator/PulseLoom.build/PulseLoom-all-target-headers.hmap -Xcc -iquote -Xcc /Users/wangrenzhu/work/PulseLoom/DerivedDataSim/Build/Intermediates.noindex/PulseLoom.build/Debug-iphonesimulator/PulseLoom.build/PulseLoom-project-headers.hmap -Xcc -I/Users/wangrenzhu/work/PulseLoom/DerivedDataSim/Build/Products/Debug-iphonesimulator/include -Xcc -I/Users/wangrenzhu/work/PulseLoom/DerivedDataSim/Build/Intermediates.noindex/PulseLoom.build/Debug-iphonesimulator/PulseLoom.build/DerivedSources-normal/arm64 -Xcc -I/Users/wangrenzhu/work/PulseLoom/DerivedDataSim/Build/Intermediates.noindex/PulseLoom.build/Debug-iphonesimulator/PulseLoom.build/DerivedSources/arm64 -Xcc -I/Users/wangrenzhu/work/PulseLoom/DerivedDataSim/Build/Intermediates.noindex/PulseLoom.build/Debug-iphonesimulator/PulseLoom.build/DerivedSources -Xcc -DDEBUG\=1 -emit-objc-header -emit-objc-header-path /Users/wangrenzhu/work/PulseLoom/DerivedDataSim/Build/Intermediates.noindex/PulseLoom.build/Debug-iphonesimulator/PulseLoom.build/Objects-normal/arm64/PulseLoom-Swift.h -working-directory /Users/wangrenzhu/work/PulseLoom -experimental-emit-module-separately -disable-cmo

Ld /Users/wangrenzhu/work/PulseLoom/DerivedDataSim/Build/Products/Debug-iphonesimulator/PulseLoom.app/PulseLoom.debug.dylib normal (in target 'PulseLoom' from project 'PulseLoom')
    cd /Users/wangrenzhu/work/PulseLoom
    /Applications/Xcode.app/Contents/Developer/Toolchains/XcodeDefault.xctoolchain/usr/bin/clang -Xlinker -reproducible -target arm64-apple-ios14.0-simulator -dynamiclib -isysroot /Applications/Xcode.app/Contents/Developer/Platforms/iPhoneSimulator.platform/Developer/SDKs/iPhoneSimulator26.5.sdk -O0 -L/Users/wangrenzhu/work/PulseLoom/DerivedDataSim/Build/Intermediates.noindex/EagerLinkingTBDs/Debug-iphonesimulator -L/Users/wangrenzhu/work/PulseLoom/DerivedDataSim/Build/Products/Debug-iphonesimulator -F/Users/wangrenzhu/work/PulseLoom/DerivedDataSim/Build/Intermediates.noindex/EagerLinkingTBDs/Debug-iphonesimulator -F/Users/wangrenzhu/work/PulseLoom/DerivedDataSim/Build/Products/Debug-iphonesimulator -filelist /Users/wangrenzhu/work/PulseLoom/DerivedDataSim/Build/Intermediates.noindex/PulseLoom.build/Debug-iphonesimulator/PulseLoom.build/Objects-normal/arm64/PulseLoom.LinkFileList -install_name @rpath/PulseLoom.debug.dylib -Xlinker -rpath -Xlinker /usr/lib/swift -Xlinker -rpath -Xlinker @executable_path/Frameworks -Xlinker -dead_strip -Xlinker -object_path_lto -Xlinker /Users/wangrenzhu/work/PulseLoom/DerivedDataSim/Build/Intermediates.noindex/PulseLoom.build/Debug-iphonesimulator/PulseLoom.build/Objects-normal/arm64/PulseLoom_lto.o -rdynamic -Xlinker -no_deduplicate -Xlinker -objc_abi_version -Xlinker 2 -Xlinker -dependency_info -Xlinker /Users/wangrenzhu/work/PulseLoom/DerivedDataSim/Build/Intermediates.noindex/PulseLoom.build/Debug-iphonesimulator/PulseLoom.build/Objects-normal/arm64/PulseLoom_dependency_info.dat -fobjc-link-runtime -L/Applications/Xcode.app/Contents/Developer/Toolchains/XcodeDefault.xctoolchain/usr/lib/swift/iphonesimulator -L/usr/lib/swift -Xlinker -add_ast_path -Xlinker /Users/wangrenzhu/work/PulseLoom/DerivedDataSim/Build/Intermediates.noindex/PulseLoom.build/Debug-iphonesimulator/PulseLoom.build/Objects-normal/arm64/PulseLoom.swiftmodule @/Users/wangrenzhu/work/PulseLoom/DerivedDataSim/Build/Intermediates.noindex/PulseLoom.build/Debug-iphonesimulator/PulseLoom.build/Objects-normal/arm64/PulseLoom-linker-args.resp -Xlinker -alias -Xlinker _main -Xlinker ___debug_main_executable_dylib_entry_point -Xlinker -no_adhoc_codesign -o /Users/wangrenzhu/work/PulseLoom/DerivedDataSim/Build/Products/Debug-iphonesimulator/PulseLoom.app/PulseLoom.debug.dylib

ConstructStubExecutorLinkFileList /Users/wangrenzhu/work/PulseLoom/DerivedDataSim/Build/Intermediates.noindex/PulseLoom.build/Debug-iphonesimulator/PulseLoom.build/PulseLoom-ExecutorLinkFileList-normal-arm64.txt (in target 'PulseLoom' from project 'PulseLoom')
    cd /Users/wangrenzhu/work/PulseLoom
    construct-stub-executor-link-file-list /Users/wangrenzhu/work/PulseLoom/DerivedDataSim/Build/Products/Debug-iphonesimulator/PulseLoom.app/PulseLoom.debug.dylib /Applications/Xcode.app/Contents/Developer/Platforms/iPhoneSimulator.platform/Developer/usr/lib/libPreviewsJITStubExecutor_no_swift_entry_point.a /Applications/Xcode.app/Contents/Developer/Platforms/iPhoneSimulator.platform/Developer/usr/lib/libPreviewsJITStubExecutor.a --output /Users/wangrenzhu/work/PulseLoom/DerivedDataSim/Build/Intermediates.noindex/PulseLoom.build/Debug-iphonesimulator/PulseLoom.build/PulseLoom-ExecutorLinkFileList-normal-arm64.txt
note: Using stub executor library with Swift entry point. (in target 'PulseLoom' from project 'PulseLoom')

Ld /Users/wangrenzhu/work/PulseLoom/DerivedDataSim/Build/Products/Debug-iphonesimulator/PulseLoom.app/PulseLoom normal (in target 'PulseLoom' from project 'PulseLoom')
    cd /Users/wangrenzhu/work/PulseLoom
    /Applications/Xcode.app/Contents/Developer/Toolchains/XcodeDefault.xctoolchain/usr/bin/clang -Xlinker -reproducible -target arm64-apple-ios14.0-simulator -isysroot /Applications/Xcode.app/Contents/Developer/Platforms/iPhoneSimulator.platform/Developer/SDKs/iPhoneSimulator26.5.sdk -O0 -L/Users/wangrenzhu/work/PulseLoom/DerivedDataSim/Build/Products/Debug-iphonesimulator -F/Users/wangrenzhu/work/PulseLoom/DerivedDataSim/Build/Products/Debug-iphonesimulator -Xlinker -rpath -Xlinker @executable_path -Xlinker -rpath -Xlinker @executable_path/Frameworks -rdynamic -Xlinker -no_deduplicate -Xlinker -objc_abi_version -Xlinker 2 -e ___debug_blank_executor_main -Xlinker -sectcreate -Xlinker __TEXT -Xlinker __debug_dylib -Xlinker /Users/wangrenzhu/work/PulseLoom/DerivedDataSim/Build/Intermediates.noindex/PulseLoom.build/Debug-iphonesimulator/PulseLoom.build/PulseLoom-DebugDylibPath-normal-arm64.txt -Xlinker -sectcreate -Xlinker __TEXT -Xlinker __debug_instlnm -Xlinker /Users/wangrenzhu/work/PulseLoom/DerivedDataSim/Build/Intermediates.noindex/PulseLoom.build/Debug-iphonesimulator/PulseLoom.build/PulseLoom-DebugDylibInstallName-normal-arm64.txt -Xlinker -filelist -Xlinker /Users/wangrenzhu/work/PulseLoom/DerivedDataSim/Build/Intermediates.noindex/PulseLoom.build/Debug-iphonesimulator/PulseLoom.build/PulseLoom-ExecutorLinkFileList-normal-arm64.txt -Xlinker -sectcreate -Xlinker __TEXT -Xlinker __entitlements -Xlinker /Users/wangrenzhu/work/PulseLoom/DerivedDataSim/Build/Intermediates.noindex/PulseLoom.build/Debug-iphonesimulator/PulseLoom.build/PulseLoom.app-Simulated.xcent -Xlinker -sectcreate -Xlinker __TEXT -Xlinker __ents_der -Xlinker /Users/wangrenzhu/work/PulseLoom/DerivedDataSim/Build/Intermediates.noindex/PulseLoom.build/Debug-iphonesimulator/PulseLoom.build/PulseLoom.app-Simulated.xcent.der /Users/wangrenzhu/work/PulseLoom/DerivedDataSim/Build/Products/Debug-iphonesimulator/PulseLoom.app/PulseLoom.debug.dylib -Xlinker -no_adhoc_codesign -o /Users/wangrenzhu/work/PulseLoom/DerivedDataSim/Build/Products/Debug-iphonesimulator/PulseLoom.app/PulseLoom

CopySwiftLibs /Users/wangrenzhu/work/PulseLoom/DerivedDataSim/Build/Products/Debug-iphonesimulator/PulseLoom.app (in target 'PulseLoom' from project 'PulseLoom')
    cd /Users/wangrenzhu/work/PulseLoom
    builtin-swiftStdLibTool --copy --verbose --sign - --scan-executable /Users/wangrenzhu/work/PulseLoom/DerivedDataSim/Build/Products/Debug-iphonesimulator/PulseLoom.app/PulseLoom.debug.dylib --scan-folder /Users/wangrenzhu/work/PulseLoom/DerivedDataSim/Build/Products/Debug-iphonesimulator/PulseLoom.app/Frameworks --scan-folder /Users/wangrenzhu/work/PulseLoom/DerivedDataSim/Build/Products/Debug-iphonesimulator/PulseLoom.app/PlugIns --scan-folder /Users/wangrenzhu/work/PulseLoom/DerivedDataSim/Build/Products/Debug-iphonesimulator/PulseLoom.app/SystemExtensions --scan-folder /Users/wangrenzhu/work/PulseLoom/DerivedDataSim/Build/Products/Debug-iphonesimulator/PulseLoom.app/Extensions --platform iphonesimulator --toolchain /Applications/Xcode.app/Contents/Developer/Toolchains/XcodeDefault.xctoolchain --destination /Users/wangrenzhu/work/PulseLoom/DerivedDataSim/Build/Products/Debug-iphonesimulator/PulseLoom.app/Frameworks --strip-bitcode --strip-bitcode-tool /Applications/Xcode.app/Contents/Developer/Toolchains/XcodeDefault.xctoolchain/usr/bin/bitcode_strip --emit-dependency-info /Users/wangrenzhu/work/PulseLoom/DerivedDataSim/Build/Intermediates.noindex/PulseLoom.build/Debug-iphonesimulator/PulseLoom.build/SwiftStdLibToolInputDependencies.dep --filter-for-swift-os

ExtractAppIntentsMetadata (in target 'PulseLoom' from project 'PulseLoom')
    cd /Users/wangrenzhu/work/PulseLoom
    /Applications/Xcode.app/Contents/Developer/Toolchains/XcodeDefault.xctoolchain/usr/bin/appintentsmetadataprocessor --toolchain-dir /Applications/Xcode.app/Contents/Developer/Toolchains/XcodeDefault.xctoolchain --module-name PulseLoom --sdk-root /Applications/Xcode.app/Contents/Developer/Platforms/iPhoneSimulator.platform/Developer/SDKs/iPhoneSimulator26.5.sdk --xcode-version 17F113 --platform-family iOS --deployment-target 14.0 --bundle-identifier com.wangrenzhu.pulseloom --output /Users/wangrenzhu/work/PulseLoom/DerivedDataSim/Build/Products/Debug-iphonesimulator/PulseLoom.app --target-triple arm64-apple-ios14.0-simulator --binary-file /Users/wangrenzhu/work/PulseLoom/DerivedDataSim/Build/Products/Debug-iphonesimulator/PulseLoom.app/PulseLoom --dependency-file /Users/wangrenzhu/work/PulseLoom/DerivedDataSim/Build/Intermediates.noindex/PulseLoom.build/Debug-iphonesimulator/PulseLoom.build/Objects-normal/arm64/PulseLoom_dependency_info.dat --stringsdata-file /Users/wangrenzhu/work/PulseLoom/DerivedDataSim/Build/Intermediates.noindex/PulseLoom.build/Debug-iphonesimulator/PulseLoom.build/Objects-normal/arm64/ExtractedAppShortcutsMetadata.stringsdata --source-file-list /Users/wangrenzhu/work/PulseLoom/DerivedDataSim/Build/Intermediates.noindex/PulseLoom.build/Debug-iphonesimulator/PulseLoom.build/Objects-normal/arm64/PulseLoom.SwiftFileList --metadata-file-list /Users/wangrenzhu/work/PulseLoom/DerivedDataSim/Build/Intermediates.noindex/PulseLoom.build/Debug-iphonesimulator/PulseLoom.build/PulseLoom.DependencyMetadataFileList --static-metadata-file-list /Users/wangrenzhu/work/PulseLoom/DerivedDataSim/Build/Intermediates.noindex/PulseLoom.build/Debug-iphonesimulator/PulseLoom.build/PulseLoom.DependencyStaticMetadataFileList --swift-const-vals-list /Users/wangrenzhu/work/PulseLoom/DerivedDataSim/Build/Intermediates.noindex/PulseLoom.build/Debug-iphonesimulator/PulseLoom.build/Objects-normal/arm64/PulseLoom.SwiftConstValuesFileList --compile-time-extraction --deployment-aware-processing --validate-assistant-intents --no-app-shortcuts-localization
2026-07-10 14:17:11.939 appintentsmetadataprocessor[36254:325434272] Starting appintentsmetadataprocessor export
2026-07-10 14:17:11.946 appintentsmetadataprocessor[36254:325434272] warning: Metadata extraction skipped. No AppIntents.framework dependency found.

AppIntentsSSUTraining (in target 'PulseLoom' from project 'PulseLoom')
    cd /Users/wangrenzhu/work/PulseLoom
    /Applications/Xcode.app/Contents/Developer/Toolchains/XcodeDefault.xctoolchain/usr/bin/appintentsnltrainingprocessor --infoplist-path /Users/wangrenzhu/work/PulseLoom/DerivedDataSim/Build/Products/Debug-iphonesimulator/PulseLoom.app/Info.plist --temp-dir-path /Users/wangrenzhu/work/PulseLoom/DerivedDataSim/Build/Intermediates.noindex/PulseLoom.build/Debug-iphonesimulator/PulseLoom.build/ssu --bundle-id com.wangrenzhu.pulseloom --product-path /Users/wangrenzhu/work/PulseLoom/DerivedDataSim/Build/Products/Debug-iphonesimulator/PulseLoom.app --extracted-metadata-path /Users/wangrenzhu/work/PulseLoom/DerivedDataSim/Build/Products/Debug-iphonesimulator/PulseLoom.app/Metadata.appintents --metadata-file-list /Users/wangrenzhu/work/PulseLoom/DerivedDataSim/Build/Intermediates.noindex/PulseLoom.build/Debug-iphonesimulator/PulseLoom.build/PulseLoom.DependencyMetadataFileList --source-file /Users/wangrenzhu/work/PulseLoom/DerivedDataSim/Build/Products/Debug-iphonesimulator/PulseLoom.app/Info.plist --archive-ssu-assets
2026-07-10 14:17:11.974 appintentsnltrainingprocessor[36282:325434302] Parsing options for appintentsnltrainingprocessor
2026-07-10 14:17:11.975 appintentsnltrainingprocessor[36282:325434302] Starting AppIntents SSU YAML Generation
2026-07-10 14:17:11.978 appintentsnltrainingprocessor[36282:325434302] No AppShortcuts found - Skipping.

CodeSign /Users/wangrenzhu/work/PulseLoom/DerivedDataSim/Build/Products/Debug-iphonesimulator/PulseLoom.app/PulseLoom.debug.dylib (in target 'PulseLoom' from project 'PulseLoom')
    cd /Users/wangrenzhu/work/PulseLoom

    Signing Identity:     "Sign to Run Locally"

    /usr/bin/codesign --force --sign - --timestamp\=none --generate-entitlement-der /Users/wangrenzhu/work/PulseLoom/DerivedDataSim/Build/Products/Debug-iphonesimulator/PulseLoom.app/PulseLoom.debug.dylib

CodeSign /Users/wangrenzhu/work/PulseLoom/DerivedDataSim/Build/Products/Debug-iphonesimulator/PulseLoom.app/__preview.dylib (in target 'PulseLoom' from project 'PulseLoom')
    cd /Users/wangrenzhu/work/PulseLoom

    Signing Identity:     "Sign to Run Locally"

    /usr/bin/codesign --force --sign - --timestamp\=none --generate-entitlement-der /Users/wangrenzhu/work/PulseLoom/DerivedDataSim/Build/Products/Debug-iphonesimulator/PulseLoom.app/__preview.dylib

CodeSign /Users/wangrenzhu/work/PulseLoom/DerivedDataSim/Build/Products/Debug-iphonesimulator/PulseLoom.app (in target 'PulseLoom' from project 'PulseLoom')
    cd /Users/wangrenzhu/work/PulseLoom

    Signing Identity:     "Sign to Run Locally"

    /usr/bin/codesign --force --sign - --timestamp\=none --generate-entitlement-der /Users/wangrenzhu/work/PulseLoom/DerivedDataSim/Build/Products/Debug-iphonesimulator/PulseLoom.app

RegisterExecutionPolicyException /Users/wangrenzhu/work/PulseLoom/DerivedDataSim/Build/Products/Debug-iphonesimulator/PulseLoom.app (in target 'PulseLoom' from project 'PulseLoom')
    cd /Users/wangrenzhu/work/PulseLoom
    builtin-RegisterExecutionPolicyException /Users/wangrenzhu/work/PulseLoom/DerivedDataSim/Build/Products/Debug-iphonesimulator/PulseLoom.app

Validate /Users/wangrenzhu/work/PulseLoom/DerivedDataSim/Build/Products/Debug-iphonesimulator/PulseLoom.app (in target 'PulseLoom' from project 'PulseLoom')
    cd /Users/wangrenzhu/work/PulseLoom
    builtin-validationUtility /Users/wangrenzhu/work/PulseLoom/DerivedDataSim/Build/Products/Debug-iphonesimulator/PulseLoom.app -shallow-bundle -infoplist-subpath Info.plist

Touch /Users/wangrenzhu/work/PulseLoom/DerivedDataSim/Build/Products/Debug-iphonesimulator/PulseLoom.app (in target 'PulseLoom' from project 'PulseLoom')
    cd /Users/wangrenzhu/work/PulseLoom
    /usr/bin/touch -c /Users/wangrenzhu/work/PulseLoom/DerivedDataSim/Build/Products/Debug-iphonesimulator/PulseLoom.app

** BUILD SUCCEEDED **

